     1                                  		ORG	0x7c00;
     2                                  ; for fat12
     3 00000000 EB4E                    		JMP	entry
     4 00000002 90                      		DB	0x90
     5 00000003 48415249424F5445        		DB	"HARIBOTE";
     6 0000000B 0002                    		DW	512;
     7 0000000D 01                      		DB	1;
     8 0000000E 0100                    		DW	1;
     9 00000010 02                      		DB	2;
    10 00000011 E000                    		DW	224;
    11 00000013 400B                    		DW	2880;
    12 00000015 F0                      		DB	0xf0;
    13 00000016 0900                    		DW	9;
    14 00000018 1200                    		DW	18;
    15 0000001A 0200                    		DW	2;
    16 0000001C 00000000                		DD	0;
    17 00000020 400B0000                		DD	2880;
    18 00000024 000029                  		DB	0,0,0x29;
    19 00000027 FFFFFFFF                		DD	0xffffffff;
    20 0000002B 48415249424F54454F-     		DB	"HARIBOTEOS ";
    20 00000034 5320               
    21 00000036 4641543132202020        		DB	"FAT12   ";
    22                                  		;RESB	18;
    23 0000003E 00<rep 12h>             		TIMES	18 DB 0;
    24                                  
    25                                  ; main program
    26                                  entry:
    27 00000050 B80000                  		MOV		AX, 0; initialize register
    28 00000053 8ED0                    		MOV		SS,AX
    29 00000055 BC007C                  		MOV		SP,0x7c00
    30 00000058 8ED8                    		MOV		DS,AX
    31 0000005A B82008                  		MOV		AX,0x0820
    32 0000005D 8EC0                    		MOV		ES,AX
    33 0000005F B500                    		MOV		CH,0
    34 00000061 B600                    		MOV		DH,0
    35 00000063 B102                    		MOV		CL,2
    36                                  
    37                                  readloop:
    38 00000065 BE0000                  		MOV		SI,0 ; count failuer
    39                                  
    40                                  retry:
    41 00000068 B402                    		MOV		AH,0x02 ; read disk
    42 0000006A B001                    		MOV		AL,1 ; 1 sector
    43 0000006C BB0000                  		MOV		BX,0
    44 0000006F B200                    		MOV		DL,0x00 ; A drive
    45 00000071 CD13                    		INT		0x13 ; read disk bios
    46 00000073 7310                    		JNC		next
    47 00000075 83C601                  		ADD		SI, 1
    48 00000078 83FE05                  		CMP		SI, 5
    49 0000007B 7317                    		JAE		error
    50 0000007D B400                    		MOV		AH,0x00
    51 0000007F B200                    		MOV		DL,0x00
    52 00000081 CD13                    		INT		0x13
    53 00000083 EBE3                    		JMP		retry
    54                                  
    55                                  next:
    56 00000085 8CC0                    		MOV		AX,ES
    57 00000087 83C020                  		ADD		AX,0x0020
    58 0000008A 8EC0                    		MOV		ES,AX
    59 0000008C 80C101                  		ADD		CL,1
    60 0000008F 80F912                  		CMP		CL,18
    61 00000092 76D1                    		JBE		readloop
    62                                  
    63                                  error:
    64 00000094 BE[AC00]                		MOV		SI,msg
    65                                  
    66                                  putloop:
    67 00000097 8A04                    		MOV		AL,[SI]
    68 00000099 83C601                  		ADD		SI, 1; add 1 to SI
    69 0000009C 3C00                    		CMP		AL,0
    70 0000009E 7409                    		JE		fin
    71 000000A0 B40E                    		MOV		AH,0x0e
    72 000000A2 BB0F00                  		MOV		BX,15
    73 000000A5 CD10                    		INT		0x10
    74 000000A7 EBEE                    		JMP		putloop
    75                                  
    76                                  fin:
    77 000000A9 F4                      		HLT
    78 000000AA EBFD                    		JMP		fin
    79                                  
    80                                  msg:
    81 000000AC 0A0A                    		DB	0x0a, 0x0a;
    82 000000AE 6C6F6164206572726F-     		DB	"load error"
    82 000000B7 72                 
    83 000000B8 0A                      		DB	0x0a;
    84 000000B9 00                      		DB	0
    85                                  		
    86 000000BA <res 144h>              		RESB	0x01fe-($-$$);
    86          ******************       warning: uninitialized space declared in .text section: zeroing [-w+zeroing]
    87                                  		
    88 000001FE 55AA                    		DB	0x55, 0xaa
