     1                                  CYLS		EQU		10
     2                                  		ORG	0x7c00;
     3                                  ; for fat12
     4 00000000 EB4E                    		JMP	entry
     5 00000002 90                      		DB	0x90
     6 00000003 48415249424F5445        		DB	"HARIBOTE";
     7 0000000B 0002                    		DW	512;
     8 0000000D 01                      		DB	1;
     9 0000000E 0100                    		DW	1;
    10 00000010 02                      		DB	2;
    11 00000011 E000                    		DW	224;
    12 00000013 400B                    		DW	2880;
    13 00000015 F0                      		DB	0xf0;
    14 00000016 0900                    		DW	9;
    15 00000018 1200                    		DW	18;
    16 0000001A 0200                    		DW	2;
    17 0000001C 00000000                		DD	0;
    18 00000020 400B0000                		DD	2880;
    19 00000024 000029                  		DB	0,0,0x29;
    20 00000027 FFFFFFFF                		DD	0xffffffff;
    21 0000002B 48415249424F54454F-     		DB	"HARIBOTEOS ";
    21 00000034 5320               
    22 00000036 4641543132202020        		DB	"FAT12   ";
    23                                  		;RESB	18;
    24 0000003E 00<rep 12h>             		TIMES	18 DB 0;
    25                                  
    26                                  ; main program
    27                                  entry:
    28 00000050 B80000                  		MOV		AX, 0; initialize register
    29 00000053 8ED0                    		MOV		SS,AX
    30 00000055 BC007C                  		MOV		SP,0x7c00
    31 00000058 8ED8                    		MOV		DS,AX
    32                                  
    33 0000005A B82008                  		MOV		AX,0x0820
    34 0000005D 8EC0                    		MOV		ES,AX
    35 0000005F B500                    		MOV		CH,0
    36 00000061 B600                    		MOV		DH,0
    37 00000063 B102                    		MOV		CL,2
    38                                  
    39                                  readloop:
    40 00000065 BE0000                  		MOV		SI,0 ; count failuer
    41                                  
    42                                  retry:
    43 00000068 B402                    		MOV		AH,0x02 ; read disk
    44 0000006A B001                    		MOV		AL,1 ; 1 sector
    45 0000006C BB0000                  		MOV		BX,0
    46 0000006F B200                    		MOV		DL,0x00 ; A drive
    47 00000071 CD13                    		INT		0x13 ; read disk bios
    48 00000073 7310                    		JNC		next
    49 00000075 83C601                  		ADD		SI, 1
    50 00000078 83FE05                  		CMP		SI, 5
    51 0000007B 7332                    		JAE		error
    52 0000007D B400                    		MOV		AH,0x00
    53 0000007F B200                    		MOV		DL,0x00
    54 00000081 CD13                    		INT		0x13
    55 00000083 EBE3                    		JMP		retry
    56                                  
    57                                  next:
    58 00000085 8CC0                    		MOV		AX,ES
    59 00000087 83C020                  		ADD		AX,0x0020
    60 0000008A 8EC0                    		MOV		ES,AX
    61 0000008C 80C101                  		ADD		CL,1
    62 0000008F 80F912                  		CMP		CL,18
    63 00000092 76D1                    		JBE		readloop
    64 00000094 B101                    		MOV		CL,1
    65 00000096 80C601                  		ADD		DH,1
    66 00000099 80FE02                  		CMP		DH,2
    67 0000009C 72C7                    		JB		readloop
    68 0000009E B600                    		MOV		DH,0
    69 000000A0 80C501                  		ADD		CH,1
    70 000000A3 80FD0A                  		CMP		CH,CYLS
    71 000000A6 72BD                    		JB		readloop
    72                                  
    73                                  ;  read finished. execute haribote.sys!
    74 000000A8 882EF00F                		MOV		[0x0ff0],CH
    75 000000AC E9(00C2)                		JMP		0xc200
    76                                  
    77                                  error:
    78 000000AF BE[C700]                		MOV		SI,msg
    79                                  
    80                                  putloop:
    81 000000B2 8A04                    		MOV		AL,[SI]
    82 000000B4 83C601                  		ADD		SI, 1; add 1 to SI
    83 000000B7 3C00                    		CMP		AL,0
    84 000000B9 7409                    		JE		fin
    85 000000BB B40E                    		MOV		AH,0x0e
    86 000000BD BB0F00                  		MOV		BX,15
    87 000000C0 CD10                    		INT		0x10
    88 000000C2 EBEE                    		JMP		putloop
    89                                  
    90                                  fin:
    91 000000C4 F4                      		HLT
    92 000000C5 EBFD                    		JMP		fin
    93                                  
    94                                  msg:
    95 000000C7 0A0A                    		DB	0x0a, 0x0a;
    96 000000C9 6C6F6164206572726F-     		DB	"load error"
    96 000000D2 72                 
    97 000000D3 0A                      		DB	0x0a;
    98 000000D4 00                      		DB	0
    99                                  		
   100 000000D5 <res 129h>              		RESB	0x01fe-($-$$);
   100          ******************       warning: uninitialized space declared in .text section: zeroing [-w+zeroing]
   101                                  		
   102 000001FE 55AA                    		DB	0x55, 0xaa
