     1                                  GLOBAL  api_putstrwin
     2                                  
     3                                  [SECTION .text]
     4                                  
     5                                  api_putstrwin: ; void api_putstrwin (int win, int x, int y, int col, int len, char *str);
     6 00000000 57                          push    edi
     7 00000001 56                          push    esi
     8 00000002 55                          push    ebp
     9 00000003 53                          push    ebx
    10 00000004 BA06000000                  mov     edx, 6
    11 00000009 8B5C2414                    mov     ebx, [esp+20]   ; win
    12 0000000D 8B742418                    mov     esi, [esp+24]   ; x
    13 00000011 8B7C241C                    mov     edi, [esp+28]   ; y
    14 00000015 8B442420                    mov     eax, [esp+32]   ; col
    15 00000019 8B4C2424                    mov     ecx, [esp+36]   ; len
    16 0000001D 8B6C2428                    mov     ebp, [esp+40]   ; str
    17 00000021 CD40                        int     0x40
    18 00000023 5B                          pop     ebx
    19 00000024 5D                          pop     ebp
    20 00000025 5E                          pop     esi
    21 00000026 5F                          pop     edi
    22 00000027 C3                          ret
    23                                  
    24                                  
