     1                                  ; naskfunc
     2                                  ; TAB=4
     3                                  
     4                                  ;[FORMAT "WCOFF"]				; オブジェクトファイルを作るモード ; NASMではエラーが出るのでこの行削除	
     5                                  ;[INSTRSET "i486p"]				; 486の命令まで使いたいという記述 ; NASMではエラーが出るのでこの行削除
     6                                  [BITS 32]						; 32ビットモード用の機械語を作らせる
     7                                  ;[FILE "naskfunc.nas"]			; ソースファイル名情報 ; NASMではエラーが出るのでこの行削除
     8                                  
     9                                  		;GLOBAL	_io_hlt,_write_mem8
    10                                  		GLOBAL	io_hlt,write_mem8			; NASMではエラーが出るので修正
    11                                  
    12                                  [SECTION .text]
    13                                  
    14                                  ;_io_hlt:	; void io_hlt(void);
    15                                  io_hlt:	; void io_hlt(void);	; NASMではエラーが出るので修正
    16 00000000 F4                      		HLT
    17 00000001 C3                      		RET
    18                                  
    19                                  ;ポインタ使えば不要なのでコメントアウト
    20                                  ;_write_mem8:	; void write_mem8(int addr, int data);
    21                                  ;write_mem8:	; void write_mem8(int addr, int data);	; NASMではエラーが出るので修正
    22                                  ;		MOV		ECX,[ESP+4]		; [ESP+4]にaddrが入っているのでそれをECXに読み込む
    23                                  ;		MOV		AL,[ESP+8]		; [ESP+8]にdataが入っているのでそれをALに読み込む
    24                                  ;		MOV		[ECX],AL
    25                                  ;		RET
