     1                                  		ORG	0x7c00;
     2                                  ; for fat12
     3 00000000 EB4E                    		JMP	entry
     4 00000002 90                      		DB	0x90
     5 00000003 48415249424F5445        		DB	"HARIBOTE";
     6 0000000B 0002                    		DW	512;
     7 0000000D 01                      		DB	1;
     8 0000000E 0100                    		DW	1;
     9 00000010 02                      		DB	2;
    10 00000011 E000                    		DW	224;
    11 00000013 400B                    		DW	2880;
    12 00000015 F0                      		DB	0xf0;
    13 00000016 0900                    		DW	9;
    14 00000018 1200                    		DW	18;
    15 0000001A 0200                    		DW	2;
    16 0000001C 00000000                		DD	0;
    17 00000020 400B0000                		DD	2880;
    18 00000024 000029                  		DB	0,0,0x29;
    19 00000027 FFFFFFFF                		DD	0xffffffff;
    20 0000002B 48415249424F54454F-     		DB	"HARIBOTEOS ";
    20 00000034 5320               
    21 00000036 4641543132202020        		DB	"FAT12   ";
    22                                  		;RESB	18;
    23 0000003E 00<rep 12h>             		TIMES	18 DB 0;
    24                                  ; main program
    25                                  entry:
    26 00000050 B80000                  		MOV		AX, 0; initialize register
    27 00000053 8ED0                    		MOV		SS,AX
    28 00000055 BC007C                  		MOV		SP,0x7c00
    29 00000058 8ED8                    		MOV		DS,AX
    30                                  
    31 0000005A B82008                  		MOV		AX,0x0820
    32 0000005D 8EC0                    		MOV		ES,AX
    33 0000005F B500                    		MOV		CH,0
    34 00000061 B600                    		MOV		DH,0
    35 00000063 B102                    		MOV		CL,2
    36                                  
    37 00000065 B402                    		MOV		AH,0x02 ; read disk
    38 00000067 B001                    		MOV		AL,1 ; 1 sector
    39 00000069 BB0000                  		MOV		BX,0
    40 0000006C B200                    		MOV		DL,0x00 ; A drive
    41 0000006E CD13                    		INT		0x13 ; read disk bios
    42 00000070 7200                    		JC		error
    43                                  
    44                                  error:
    45 00000072 BE[8A00]                		MOV		SI,msg
    46                                  
    47                                  putloop:
    48 00000075 8A04                    		MOV		AL,[SI]
    49 00000077 83C601                  		ADD		SI, 1; add 1 to SI
    50 0000007A 3C00                    		CMP		AL,0
    51 0000007C 7409                    		JE		fin
    52 0000007E B40E                    		MOV		AH,0x0e
    53 00000080 BB0F00                  		MOV		BX,15
    54 00000083 CD10                    		INT		0x10
    55 00000085 EBEE                    		JMP		putloop
    56                                  fin:
    57 00000087 F4                      		HLT
    58 00000088 EBFD                    		JMP		fin
    59                                  msg:
    60 0000008A 0A0A                    		DB	0x0a, 0x0a;
    61 0000008C 6C6F6164206572726F-     		DB	"load error"
    61 00000095 72                 
    62 00000096 0A                      		DB	0x0a;
    63 00000097 00                      		DB	0
    64                                  		
    65 00000098 <res 166h>              		RESB	0x01fe-($-$$);
    65          ******************       warning: uninitialized space declared in .text section: zeroing [-w+zeroing]
    66                                  		
    67 000001FE 55AA                    		DB	0x55, 0xaa
