     1                                  [BITS 32]
     2                                      GLOBAL    api_putchar,api_putstr0
     3                                      GLOBAL    api_openwin, api_putstrwin, api_boxfilwin
     4                                      GLOBAL    api_end
     5                                  
     6                                  [SECTION .text]
     7                                  api_putchar:
     8 00000000 BA01000000                  MOV   EDX,1
     9 00000005 8A442404                    MOV   AL,[ESP+4]
    10 00000009 CD40                        INT   0x40
    11 0000000B C3                          RET
    12                                  
    13                                  api_putstr0:
    14 0000000C 53                          PUSH    EBX
    15 0000000D BA02000000                  MOV     EDX,2
    16 00000012 8B5C2408                    MOV     EBX,[ESP+8]
    17 00000016 CD40                        INT     0x40
    18 00000018 5B                          POP     EBX
    19 00000019 C3                          RET
    20                                  
    21                                  api_end:
    22 0000001A BA04000000                  MOV     EDX,4
    23 0000001F CD40                        INT     0x40
    24                                  
    25                                  api_openwin:
    26 00000021 57                          PUSH    EDI
    27 00000022 56                          PUSH    ESI
    28 00000023 53                          PUSH    EBX
    29 00000024 BA05000000                  MOV		EDX,5
    30 00000029 8B5C2410                    MOV		EBX,[ESP+16]	; buf
    31 0000002D 8B742414                    MOV		ESI,[ESP+20]	; xsiz
    32 00000031 8B7C2418                    MOV		EDI,[ESP+24]	; ysiz
    33 00000035 8B44241C                    MOV		EAX,[ESP+28]	; col_inv
    34 00000039 8B4C2420                    MOV		ECX,[ESP+32]	; title
    35 0000003D CD40                        INT		0x40
    36 0000003F 5B                          POP		EBX
    37 00000040 5E                          POP		ESI
    38 00000041 5F                          POP		EDI
    39 00000042 C3                          RET
    40                                  
    41                                  api_putstrwin:	; void api_putstrwin(int win, int x, int y, int col, int len, char *str);
    42 00000043 57                      		PUSH	EDI
    43 00000044 56                      		PUSH	ESI
    44 00000045 55                      		PUSH	EBP
    45 00000046 53                      		PUSH	EBX
    46 00000047 BA06000000              		MOV		EDX,6
    47 0000004C 8B5C2414                		MOV		EBX,[ESP+20]	; win
    48 00000050 8B742418                		MOV		ESI,[ESP+24]	; x
    49 00000054 8B7C241C                		MOV		EDI,[ESP+28]	; y
    50 00000058 8B442420                		MOV		EAX,[ESP+32]	; col
    51 0000005C 8B4C2424                		MOV		ECX,[ESP+36]	; len
    52 00000060 8B6C2428                		MOV		EBP,[ESP+40]	; str
    53 00000064 CD40                    		INT		0x40
    54 00000066 5B                      		POP		EBX
    55 00000067 5D                      		POP		EBP
    56 00000068 5E                      		POP		ESI
    57 00000069 5F                      		POP		EDI
    58 0000006A C3                      		RET
    59                                  
    60                                  api_boxfilwin:	; void api_boxfilwin(int win, int x0, int y0, int x1, int y1, int col);
    61 0000006B 57                      		PUSH	EDI
    62 0000006C 56                      		PUSH	ESI
    63 0000006D 55                      		PUSH	EBP
    64 0000006E 53                      		PUSH	EBX
    65 0000006F BA07000000              		MOV		EDX,7
    66 00000074 8B5C2414                		MOV		EBX,[ESP+20]	; win
    67 00000078 8B442418                		MOV		EAX,[ESP+24]	; x0
    68 0000007C 8B4C241C                		MOV		ECX,[ESP+28]	; y0
    69 00000080 8B742420                		MOV		ESI,[ESP+32]	; x1
    70 00000084 8B7C2424                		MOV		EDI,[ESP+36]	; y1
    71 00000088 8B6C2428                		MOV		EBP,[ESP+40]	; col
    72 0000008C CD40                    		INT		0x40
    73 0000008E 5B                      		POP		EBX
    74 0000008F 5D                      		POP		EBP
    75 00000090 5E                      		POP		ESI
    76 00000091 5F                      		POP		EDI
    77 00000092 C3                      		RET
